build/app/intermediates/manifest_merge_blame_file/debug/manifest-merger-blame-debug-report.txt
1<?xml version="1.0" encoding="utf-8"?>
2<manifest xmlns:android="http://schemas.android.com/apk/res/android"
3    package="com.dscneu.safer_transportation"
4    android:versionCode="1"
5    android:versionName="1.0.0" >
6
7    <uses-sdk
8        android:minSdkVersion="16"
9        android:targetSdkVersion="28" />
10    <!--
11         Flutter needs it to communicate with the running application
12         to allow setting breakpoints, to provide hot reload, etc.
13    -->
14    <uses-permission android:name="android.permission.INTERNET" />
14-->src/debug/AndroidManifest.xml:6:5-66
14-->src/debug/AndroidManifest.xml:6:22-64
15    <!--
16     io.flutter.app.FlutterApplication is an android.app.Application that
17         calls FlutterMain.startInitialization(this); in its onCreate method.
18         In most cases you can leave this as-is, but you if you want to provide
19         additional functionality it is fine to subclass or reimplement
20         FlutterApplication and put your custom class here.
21    -->
22    <uses-permission android:name="android.permission.ACCESS_FINE_LOCATION" />
22-->src/main/AndroidManifest.xml:8:5-79
22-->src/main/AndroidManifest.xml:8:22-76
23    <uses-permission android:name="android.permission.ACCESS_COARSE_LOCATION" /> <!-- Include required permissions for Google Maps API to run. -->
23-->src/main/AndroidManifest.xml:9:5-81
23-->src/main/AndroidManifest.xml:9:22-78
24    <uses-permission android:name="android.permission.ACCESS_NETWORK_STATE" />
24-->[com.google.android.gms:play-services-maps:17.0.0] AndroidManifest.xml:23:5-79
24-->[com.google.android.gms:play-services-maps:17.0.0] AndroidManifest.xml:23:22-76
25
26    <uses-feature
26-->[com.google.android.gms:play-services-maps:17.0.0] AndroidManifest.xml:26:5-28:35
27        android:glEsVersion="0x00020000"
27-->[com.google.android.gms:play-services-maps:17.0.0] AndroidManifest.xml:27:9-41
28        android:required="true" />
28-->[com.google.android.gms:play-services-maps:17.0.0] AndroidManifest.xml:28:9-32
29
30    <application
30-->src/main/AndroidManifest.xml:11:5-37:19
31        android:name="io.flutter.app.FlutterApplication"
31-->src/main/AndroidManifest.xml:12:9-57
32        android:appComponentFactory="androidx.core.app.CoreComponentFactory"
32-->[androidx.core:core:1.1.0] AndroidManifest.xml:24:18-86
33        android:debuggable="true"
34        android:icon="@mipmap/ic_launcher"
34-->src/main/AndroidManifest.xml:14:9-43
35        android:label="safer_transportation" >
35-->src/main/AndroidManifest.xml:13:9-45
36
37        <!-- Google Map API key -->
38        <meta-data
38-->src/main/AndroidManifest.xml:17:9-18:70
39            android:name="com.google.android.geo.API_KEY"
39-->src/main/AndroidManifest.xml:17:20-65
40            android:value="AIzaSyCByUE8n89KTk8uCrBhuuBRdzK1iIaWjy8" />
40-->src/main/AndroidManifest.xml:18:13-68
41
42        <activity
42-->src/main/AndroidManifest.xml:20:9-31:20
43            android:name="com.dscneu.safer_transportation.MainActivity"
43-->src/main/AndroidManifest.xml:21:13-41
44            android:configChanges="orientation|keyboardHidden|keyboard|screenSize|smallestScreenSize|locale|layoutDirection|fontScale|screenLayout|density|uiMode"
44-->src/main/AndroidManifest.xml:24:13-163
45            android:hardwareAccelerated="true"
45-->src/main/AndroidManifest.xml:25:13-47
46            android:launchMode="singleTop"
46-->src/main/AndroidManifest.xml:22:13-43
47            android:theme="@style/LaunchTheme"
47-->src/main/AndroidManifest.xml:23:13-47
48            android:windowSoftInputMode="adjustResize" >
48-->src/main/AndroidManifest.xml:26:13-55
49            <intent-filter>
49-->src/main/AndroidManifest.xml:27:13-30:29
50                <action android:name="android.intent.action.MAIN" />
50-->src/main/AndroidManifest.xml:28:17-68
50-->src/main/AndroidManifest.xml:28:25-66
51
52                <category android:name="android.intent.category.LAUNCHER" />
52-->src/main/AndroidManifest.xml:29:17-76
52-->src/main/AndroidManifest.xml:29:27-74
53            </intent-filter>
54        </activity>
55        <!--
56             Don't delete the meta-data below.
57             This is used by the Flutter tool to generate GeneratedPluginRegistrant.java
58        -->
59        <meta-data
59-->src/main/AndroidManifest.xml:34:9-36:33
60            android:name="flutterEmbedding"
60-->src/main/AndroidManifest.xml:35:13-44
61            android:value="2" />
61-->src/main/AndroidManifest.xml:36:13-30
62        <!-- Needs to be explicitly declared on P+ -->
63        <uses-library
63-->[com.google.android.gms:play-services-maps:17.0.0] AndroidManifest.xml:33:9-35:40
64            android:name="org.apache.http.legacy"
64-->[com.google.android.gms:play-services-maps:17.0.0] AndroidManifest.xml:34:13-50
65            android:required="false" />
65-->[com.google.android.gms:play-services-maps:17.0.0] AndroidManifest.xml:35:13-37
66
67        <activity
67-->[com.google.android.gms:play-services-base:17.0.0] AndroidManifest.xml:23:9-26:75
68            android:name="com.google.android.gms.common.api.GoogleApiActivity"
68-->[com.google.android.gms:play-services-base:17.0.0] AndroidManifest.xml:24:13-79
69            android:exported="false"
69-->[com.google.android.gms:play-services-base:17.0.0] AndroidManifest.xml:25:13-37
70            android:theme="@android:style/Theme.Translucent.NoTitleBar" />
70-->[com.google.android.gms:play-services-base:17.0.0] AndroidManifest.xml:26:13-72
71
72        <meta-data
72-->[com.google.android.gms:play-services-basement:17.0.0] AndroidManifest.xml:23:9-25:69
73            android:name="com.google.android.gms.version"
73-->[com.google.android.gms:play-services-basement:17.0.0] AndroidManifest.xml:24:13-58
74            android:value="@integer/google_play_services_version" />
74-->[com.google.android.gms:play-services-basement:17.0.0] AndroidManifest.xml:25:13-66
75    </application>
76
77</manifest>